<?xml version="1.0" encoding="utf-8"?><testsuites name="pytest tests"><testsuite name="pytest" errors="0" failures="0" skipped="0" tests="50" time="8.548" timestamp="2026-09-12T23:40:38.128860+08:00" hostname="lyh-OMEN-Gaming-Laptop-16-am0xxx"><testcase classname="tests.test_adapter" name="test_joint_actuator_and_sensor_mapping_uses_names" time="0.005" /><testcase classname="tests.test_adapter" name="test_limit_clipping_is_in_named_joint_order" time="0.004" /><testcase classname="tests.test_adapter" name="test_invalid_torque_is_rejected_without_altering_control[bad0]" time="0.003" /><testcase classname="tests.test_adapter" name="test_invalid_torque_is_rejected_without_altering_control[bad1]" time="0.003" /><testcase classname="tests.test_adapter" name="test_invalid_torque_is_rejected_without_altering_control[bad2]" time="0.003" /><testcase classname="tests.test_adapter" name="test_invalid_torque_is_rejected_without_altering_control[bad3]" time="0.003" /><testcase classname="tests.test_adapter" name="test_reset_validates_before_clearing_existing_state" time="0.003" /><testcase classname="tests.test_adapter" name="test_reset_accepts_arrays_sharing_live_data_storage" time="0.002" /><testcase classname="tests.test_adapter" name="test_tcp_position_and_rotation_include_fixed_site_transform" time="0.002" /><testcase classname="tests.test_adapter" name="test_jacobian_and_twist_respect_named_joint_order" time="0.003" /><testcase classname="tests.test_adapter" name="test_gravity_ignores_velocity_and_preserves_live_data" time="0.002" /><testcase classname="tests.test_adapter" name="test_step_refreshes_pose_and_sensors_at_integrated_state" time="0.003" /><testcase classname="tests.test_adapter" name="test_incompatible_actuators_are_rejected[options0]" time="0.002" /><testcase classname="tests.test_adapter" name="test_incompatible_actuators_are_rejected[options1]" time="0.003" /><testcase classname="tests.test_adapter" name="test_wrong_sensor_joint_mapping_is_rejected" time="0.003" /><testcase classname="tests.test_adapter" name="test_hidden_force_limit_is_rejected" time="0.002" /><testcase classname="tests.test_adapter" name="test_controller_offset_matches_optional_context_and_has_no_posture_term" time="0.003" /><testcase classname="tests.test_adapter" name="test_singularity_scaling_is_explicit" time="0.003" /><testcase classname="tests.test_audit" name="test_urdf_fixed_axis_rotation_convention" time="0.000" /><testcase classname="tests.test_audit" name="test_spd_does_not_imply_physically_valid_inertia" time="0.003" /><testcase classname="tests.test_audit" name="test_corrupt_stl_count_is_rejected" time="0.001" /><testcase classname="tests.test_audit" name="test_binary_stl_preserves_coordinates_even_with_solid_header" time="0.001" /><testcase classname="tests.test_audit" name="test_chain_detects_cycle_and_duplicate_parent" time="0.009" /><testcase classname="tests.test_audit" name="test_duplicate_requires_geometry_as_well_as_cad_name" time="0.039" /><testcase classname="tests.test_audit" name="test_preserved_models_compile_differently" time="0.457" /><testcase classname="tests.test_defender_reference" name="test_host_rejects_invalid_input[]" time="0.521" /><testcase classname="tests.test_defender_reference" name="test_host_rejects_invalid_input[0 0 1 0 0 0 0 0\n]" time="0.023" /><testcase classname="tests.test_defender_reference" name="test_host_rejects_invalid_input[0 0 1 0 0 0 0 0 0 extra\n]" time="0.021" /><testcase classname="tests.test_defender_reference" name="test_host_rejects_invalid_input[0 0 1 nan 0 0 0 0 0\n]" time="0.021" /><testcase classname="tests.test_defender_reference" name="test_host_rejects_invalid_input[0 0 0 0 0 0 0 0 0\n]" time="0.024" /><testcase classname="tests.test_defender_reference" name="test_host_rejects_invalid_input[0 0 1 inf 0 0 0 0 0\n]" time="0.023" /><testcase classname="tests.test_defender_reference" name="test_up_scale_and_two_rows" time="0.024" /><testcase classname="tests.test_defender_reference" name="test_cpp_targets_original_mass_while_new_model_uses_corrected_mass" time="0.818" /><testcase classname="tests.test_integrity" name="test_installed_controller_modules_match_pinned_source_bytes" time="0.007" /><testcase classname="tests.test_integrity" name="test_distributed_wheel_matches_lock_and_contains_only_selected_python_modules" time="0.002" /><testcase classname="tests.test_integrity" name="test_preserved_primary_inputs_match_manifest" time="0.101" /><testcase classname="tests.test_integrity" name="test_versioned_model_scene_and_preserved_source_hashes[tool4_v1]" time="0.003" /><testcase classname="tests.test_integrity" name="test_versioned_model_scene_and_preserved_source_hashes[tool4_v2]" time="0.003" /><testcase classname="tests.test_integrity" name="test_active_model_matches_current_config_and_generation_sources" time="0.002" /><testcase classname="tests.test_integrity" name="test_restore_adds_missing_verified_files_without_changing_matching_existing_work" time="0.002" /><testcase classname="tests.test_integrity" name="test_restore_checks_all_existing_work_before_writing_anything" time="0.002" /><testcase classname="tests.test_integrity" name="test_restore_rejects_symlinks_that_would_write_outside_destination[dangling-file]" time="0.001" /><testcase classname="tests.test_integrity" name="test_restore_rejects_symlinks_that_would_write_outside_destination[directory]" time="0.001" /><testcase classname="tests.test_model_controls" name="test_model_scope_and_mass" time="0.016" /><testcase classname="tests.test_model_controls" name="test_fk_jacobian_and_gravity_independent_references" time="0.136" /><testcase classname="tests.test_model_controls" name="test_simulation_start_is_separated_from_zero_singularity" time="0.001" /><testcase classname="tests.test_model_controls" name="test_gravity_hold" time="0.214" /><testcase classname="tests.test_model_controls" name="test_short_run_cannot_claim_completed_impedance_or_disturbance_validation" time="0.014" /><testcase classname="tests.test_model_controls" name="test_slow_impedance_with_optional_unknown_to_controller_disturbance[False]" time="2.784" /><testcase classname="tests.test_model_controls" name="test_slow_impedance_with_optional_unknown_to_controller_disturbance[True]" time="2.819" /></testsuite></testsuites>